d:\uaspemrogaman\uaspemrogramandasar\debug\vc142.pdb
d:\uaspemrogaman\uaspemrogramandasar\debug\vc142.idb
d:\uaspemrogaman\uaspemrogramandasar\debug\uaspemrogramandasar.obj
d:\uaspemrogaman\uaspemrogramandasar\debug\hitungparkir.obj
d:\uaspemrogaman\uaspemrogramandasar\debug\hitunggaji.obj
d:\uaspemrogaman\uaspemrogramandasar\debug\main.obj
d:\uaspemrogaman\uaspemrogramandasar\debug\uaspemrogramandasar.pdb
d:\uaspemrogaman\uaspemrogramandasar\debug\uaspemro.19702cb2.tlog\cl.command.1.tlog
d:\uaspemrogaman\uaspemrogramandasar\debug\uaspemro.19702cb2.tlog\cl.read.1.tlog
d:\uaspemrogaman\uaspemrogramandasar\debug\uaspemro.19702cb2.tlog\cl.write.1.tlog
d:\uaspemrogaman\uaspemrogramandasar\debug\uaspemro.19702cb2.tlog\link-cvtres.read.1.tlog
d:\uaspemrogaman\uaspemrogramandasar\debug\uaspemro.19702cb2.tlog\link-cvtres.write.1.tlog
d:\uaspemrogaman\uaspemrogramandasar\debug\uaspemro.19702cb2.tlog\link-rc.read.1.tlog
d:\uaspemrogaman\uaspemrogramandasar\debug\uaspemro.19702cb2.tlog\link-rc.write.1.tlog
d:\uaspemrogaman\uaspemrogramandasar\debug\uaspemro.19702cb2.tlog\link.4112-cvtres.read.1.tlog
d:\uaspemrogaman\uaspemrogramandasar\debug\uaspemro.19702cb2.tlog\link.4112-cvtres.write.1.tlog
d:\uaspemrogaman\uaspemrogramandasar\debug\uaspemro.19702cb2.tlog\link.4112-rc.read.1.tlog
d:\uaspemrogaman\uaspemrogramandasar\debug\uaspemro.19702cb2.tlog\link.4112-rc.write.1.tlog
d:\uaspemrogaman\uaspemrogramandasar\debug\uaspemro.19702cb2.tlog\link.4112.read.1.tlog
d:\uaspemrogaman\uaspemrogramandasar\debug\uaspemro.19702cb2.tlog\link.4112.write.1.tlog
d:\uaspemrogaman\uaspemrogramandasar\debug\uaspemro.19702cb2.tlog\link.command.1.tlog
d:\uaspemrogaman\uaspemrogramandasar\debug\uaspemro.19702cb2.tlog\link.read.1.tlog
d:\uaspemrogaman\uaspemrogramandasar\debug\uaspemro.19702cb2.tlog\link.write.1.tlog
